<?xml version="1.0" encoding="UTF-8"?>
<!-- Generated by org.testng.reporters.JUnitXMLReporter -->
<testsuite ignored="0" hostname="kumar" failures="0" tests="11" name="Free CRM App Test Cases" time="249.25" errors="0" timestamp="17 Aug 2021 16:19:18 GMT">
  <testcase classname="com.crm.qa.testcases.ContactPageTest" name="verifyContactLabelTest" time="0.356"/>
  <testcase classname="com.crm.qa.testcases.ContactPageTest" name="verifySelectContactByNameTest" time="2.057"/>
  <testcase classname="com.crm.qa.testcases.NewContactPageTest" name="newContactFormTest" time="10.998"/>
  <testcase classname="com.crm.qa.testcases.NewContactPageTest" name="newContactFormTest" time="9.901"/>
  <testcase classname="com.crm.qa.testcases.NewContactPageTest" name="newContactFormTest" time="10.572"/>
  <testcase classname="com.crm.qa.testcases.NewContactPageTest" name="newContactFormTest" time="9.658"/>
  <testcase classname="com.crm.qa.testcases.NewContactPageTest" name="newContactFormTest" time="10.0"/>
  <testcase classname="com.crm.qa.testcases.LoginpageTest" name="verifyPageTitleTest" time="0.064"/>
  <testcase classname="com.crm.qa.testcases.HomePageTest" name="VerifyContactLinkTest" time="3.113"/>
  <testcase classname="com.crm.qa.testcases.LoginpageTest" name="verifyLoginFeatureTest" time="6.294"/>
  <testcase classname="com.crm.qa.testcases.HomePageTest" name="VerifyCorrectUserNameTest" time="1.488"/>
</testsuite> <!-- Free CRM App Test Cases -->
