<?xml version="1.0" encoding="UTF-8"?>
<testsuite xmlns:xsi="http://www.w3.org/2001/XMLSchema-instance" xsi:noNamespaceSchemaLocation="https://maven.apache.org/surefire/maven-surefire-plugin/xsd/surefire-test-report.xsd" name="TestSuite" time="374.562" tests="11" errors="0" skipped="0" failures="1">
  <properties>
[...]
</properties>
  <testcase name="verifyContactLabelTest" classname="com.crm.qa.testcases.ContactPageTest" time="0.525"/>
  <testcase name="verifySelectContactByNameTest" classname="com.crm.qa.testcases.ContactPageTest" time="41.175">
    <failure message="no such element: Unable to locate element: {&quot;method&quot;:&quot;xpath&quot;,&quot;selector&quot;:&quot;//a[contains(text(),&apos;benson neal&apos;)]/parent::td/parent::tr&quot;}&#10;  (Session info: chrome=92.0.4515.131)&#10;For documentation on this error, please visit: http://seleniumhq.org/exceptions/no_such_element.html&#10;Build info: version: &apos;3.14.0&apos;, revision: &apos;aacccce0&apos;, time: &apos;2018-08-02T20:19:58.91Z&apos;&#10;System info: host: &apos;KUMAR&apos;, ip: &apos;192.168.2.4&apos;, os.name: &apos;Windows 8.1&apos;, os.arch: &apos;amd64&apos;, os.version: &apos;6.3&apos;, java.version: &apos;11.0.12&apos;&#10;Driver info: org.openqa.selenium.chrome.ChromeDriver&#10;Capabilities {acceptInsecureCerts: false, browserName: chrome, browserVersion: 92.0.4515.131, chrome: {chromedriverVersion: 92.0.4515.43 (8c61b7e2989f2..., userDataDir: C:\Users\PRASAN~1\AppData\L...}, goog:chromeOptions: {debuggerAddress: localhost:50394}, javascriptEnabled: true, networkConnectionEnabled: false, pageLoadStrategy: normal, platform: WINDOWS, platformName: WINDOWS, proxy: Proxy(), setWindowRect: true, strictFileInteractability: false, timeouts: {implicit: 0, pageLoad: 300000, script: 30000}, unhandledPromptBehavior: dismiss and notify, webauthn:extension:credBlob: true, webauthn:extension:largeBlob: true, webauthn:virtualAuthenticators: true}&#10;Session ID: 1e0a6c2f97c5b3caf3e2fb5f515047ef&#10;*** Element info: {Using=xpath, value=//a[contains(text(),&apos;benson neal&apos;)]/parent::td/parent::tr}" type="org.openqa.selenium.NoSuchElementException">org.openqa.selenium.NoSuchElementException: 
no such element: Unable to locate element: {"method":"xpath","selector":"//a[contains(text(),'benson neal')]/parent::td/parent::tr"}
  (Session info: chrome=92.0.4515.131)
For documentation on this error, please visit: http://seleniumhq.org/exceptions/no_such_element.html
Build info: version: '3.14.0', revision: 'aacccce0', time: '2018-08-02T20:19:58.91Z'
System info: host: 'KUMAR', ip: '192.168.2.4', os.name: 'Windows 8.1', os.arch: 'amd64', os.version: '6.3', java.version: '11.0.12'
Driver info: org.openqa.selenium.chrome.ChromeDriver
Capabilities {acceptInsecureCerts: false, browserName: chrome, browserVersion: 92.0.4515.131, chrome: {chromedriverVersion: 92.0.4515.43 (8c61b7e2989f2..., userDataDir: C:\Users\PRASAN~1\AppData\L...}, goog:chromeOptions: {debuggerAddress: localhost:50394}, javascriptEnabled: true, networkConnectionEnabled: false, pageLoadStrategy: normal, platform: WINDOWS, platformName: WINDOWS, proxy: Proxy(), setWindowRect: true, strictFileInteractability: false, timeouts: {implicit: 0, pageLoad: 300000, script: 30000}, unhandledPromptBehavior: dismiss and notify, webauthn:extension:credBlob: true, webauthn:extension:largeBlob: true, webauthn:virtualAuthenticators: true}
Session ID: 1e0a6c2f97c5b3caf3e2fb5f515047ef
*** Element info: {Using=xpath, value=//a[contains(text(),'benson neal')]/parent::td/parent::tr}
	at com.crm.qa.testcases.ContactPageTest.verifySelectContactByNameTest(ContactPageTest.java:42)
</failure>
    <system-out><![CDATA[after Method 
Before navigating to: 'https://ui.cogmento.com/'
Navigated to:'https://ui.cogmento.com/'
Trying to find Element By : By.name: email
Found Element By : By.name: email
Trying to find Element By : By.name: password
Found Element By : By.name: password
Trying to find Element By : By.xpath: //div[contains(@class,'ui fluid large blue submit button')]
Found Element By : By.xpath: //div[contains(@class,'ui fluid large blue submit button')]
Trying to click on: [[ChromeDriver: chrome on WINDOWS (1e0a6c2f97c5b3caf3e2fb5f515047ef)] -> xpath: //div[contains(@class,'ui fluid large blue submit button')]]
Clicked on: [[ChromeDriver: chrome on WINDOWS (1e0a6c2f97c5b3caf3e2fb5f515047ef)] -> xpath: //div[contains(@class,'ui fluid large blue submit button')]]
Trying to find Element By : By.xpath: //*[contains(text(),'Contacts')]
Found Element By : By.xpath: //*[contains(text(),'Contacts')]
Trying to click on: [[ChromeDriver: chrome on WINDOWS (1e0a6c2f97c5b3caf3e2fb5f515047ef)] -> xpath: //*[contains(text(),'Contacts')]]
Clicked on: [[ChromeDriver: chrome on WINDOWS (1e0a6c2f97c5b3caf3e2fb5f515047ef)] -> xpath: //*[contains(text(),'Contacts')]]
BeforeMethod
Trying to find Element By : By.xpath: //a[contains(text(),'benson neal')]/parent::td/parent::tr
Exception occured: org.openqa.selenium.NoSuchElementException: no such element: Unable to locate element: {"method":"xpath","selector":"//a[contains(text(),'benson neal')]/parent::td/parent::tr"}
  (Session info: chrome=92.0.4515.131)
For documentation on this error, please visit: http://seleniumhq.org/exceptions/no_such_element.html
Build info: version: '3.14.0', revision: 'aacccce0', time: '2018-08-02T20:19:58.91Z'
System info: host: 'KUMAR', ip: '192.168.2.4', os.name: 'Windows 8.1', os.arch: 'amd64', os.version: '6.3', java.version: '11.0.12'
Driver info: org.openqa.selenium.chrome.ChromeDriver
Capabilities {acceptInsecureCerts: false, browserName: chrome, browserVersion: 92.0.4515.131, chrome: {chromedriverVersion: 92.0.4515.43 (8c61b7e2989f2..., userDataDir: C:\Users\PRASAN~1\AppData\L...}, goog:chromeOptions: {debuggerAddress: localhost:50394}, javascriptEnabled: true, networkConnectionEnabled: false, pageLoadStrategy: normal, platform: WINDOWS, platformName: WINDOWS, proxy: Proxy(), setWindowRect: true, strictFileInteractability: false, timeouts: {implicit: 0, pageLoad: 300000, script: 30000}, unhandledPromptBehavior: dismiss and notify, webauthn:extension:credBlob: true, webauthn:extension:largeBlob: true, webauthn:virtualAuthenticators: true}
Session ID: 1e0a6c2f97c5b3caf3e2fb5f515047ef
*** Element info: {Using=xpath, value=//a[contains(text(),'benson neal')]/parent::td/parent::tr}
]]></system-out>
    <system-err><![CDATA[Starting ChromeDriver 92.0.4515.43 (8c61b7e2989f2990d42f859cac71319137787cce-refs/branch-heads/4515@{#306}) on port 34206
Only local connections are allowed.
Please see https://chromedriver.chromium.org/security-considerations for suggestions on keeping ChromeDriver safe.
ChromeDriver was started successfully.
Aug 18, 2021 1:11:07 PM org.openqa.selenium.remote.ProtocolHandshake createSession
INFO: Detected dialect: W3C
]]></system-err>
  </testcase>
  <testcase name="newContactFormTest" classname="com.crm.qa.testcases.NewContactPageTest" time="12.465"/>
  <testcase name="newContactFormTest" classname="com.crm.qa.testcases.NewContactPageTest" time="10.332"/>
  <testcase name="newContactFormTest" classname="com.crm.qa.testcases.NewContactPageTest" time="15.898"/>
  <testcase name="newContactFormTest" classname="com.crm.qa.testcases.NewContactPageTest" time="10.3"/>
  <testcase name="newContactFormTest" classname="com.crm.qa.testcases.NewContactPageTest" time="11.849"/>
  <testcase name="VerifyContactLinkTest" classname="com.crm.qa.testcases.HomePageTest" time="1.45"/>
  <testcase name="verifyPageTitleTest" classname="com.crm.qa.testcases.LoginpageTest" time="0.017"/>
  <testcase name="VerifyCorrectUserNameTest" classname="com.crm.qa.testcases.HomePageTest" time="2.193"/>
  <testcase name="verifyLoginFeatureTest" classname="com.crm.qa.testcases.LoginpageTest" time="8.884"/>
</testsuite>